Real_Time_Situation (
   Generation_Tool    => "MAST Schedulability Analysis, version 1.6.0.1",
   Generation_Profile => "mast_analysis classic_rm -s /home/antoine31/tp_m2/TpduM2/ordonnancement/exo2_final_spora.txt /home/antoine31/tp_m2/TpduM2/ordonnancement/exo2_final_spora.out",
   Generation_Date    => 2026-01-02T18:30:41,
   Results            => 
       ((Type   => Slack,
         Value  => 0.00%)));

Transaction (
   Name     => transaction1,
   Results  => 
       ((Type   => Slack,
         Value  => 0.00%),
        (Type                          => Timing_Result,
         Event_Name                    => o1,
         Num_Of_Suspensions            => 0,
         Worst_Blocking_Time           => 0.000,
         Worst_Global_Response_Times   => 
            ((Referenced_Event => t1,
              Time_Value       => 6.000)),
         Best_Global_Response_Times    => 
            ((Referenced_Event => t1,
              Time_Value       => 0.000)),
         Jitters                       => 
            ((Referenced_Event => t1,
              Time_Value       => 6.000)))));

Transaction (
   Name     => transaction2,
   Results  => 
       ((Type   => Slack,
         Value  => 100.00%),
        (Type                          => Timing_Result,
         Event_Name                    => o2,
         Num_Of_Suspensions            => 0,
         Worst_Blocking_Time           => 0.000,
         Worst_Global_Response_Times   => 
            ((Referenced_Event => t2,
              Time_Value       => 14.000)),
         Best_Global_Response_Times    => 
            ((Referenced_Event => t2,
              Time_Value       => 0.000)),
         Jitters                       => 
            ((Referenced_Event => t2,
              Time_Value       => 14.000)))));

Transaction (
   Name     => transaction3,
   Results  => 
       ((Type   => Slack,
         Value  => 0.00%),
        (Type                          => Timing_Result,
         Event_Name                    => o3,
         Num_Of_Suspensions            => 0,
         Worst_Blocking_Time           => 0.000,
         Worst_Global_Response_Times   => 
            ((Referenced_Event => t3,
              Time_Value       => 7.000)),
         Best_Global_Response_Times    => 
            ((Referenced_Event => t3,
              Time_Value       => 0.000)),
         Jitters                       => 
            ((Referenced_Event => t3,
              Time_Value       => 7.000)))));

Transaction (
   Name     => transaction4,
   Results  => 
       ((Type   => Slack,
         Value  => 0.00%),
        (Type                          => Timing_Result,
         Event_Name                    => o4,
         Num_Of_Suspensions            => 0,
         Worst_Blocking_Time           => 0.000,
         Worst_Global_Response_Times   => 
            ((Referenced_Event => t4,
              Time_Value       => 8.000)),
         Best_Global_Response_Times    => 
            ((Referenced_Event => t4,
              Time_Value       => 0.000)),
         Jitters                       => 
            ((Referenced_Event => t4,
              Time_Value       => 8.000)))));

Transaction (
   Name     => transactionaperiodic1,
   Results  => 
       ((Type   => Slack,
         Value  => 0.00%),
        (Type                          => Timing_Result,
         Event_Name                    => o5,
         Num_Of_Suspensions            => 0,
         Worst_Blocking_Time           => 0.000,
         Worst_Global_Response_Times   => 
            ((Referenced_Event => taper1,
              Time_Value       => 10.000)),
         Best_Global_Response_Times    => 
            ((Referenced_Event => taper1,
              Time_Value       => 0.000)),
         Jitters                       => 
            ((Referenced_Event => taper1,
              Time_Value       => 10.000)))));

Transaction (
   Name     => transactionaperiodic2,
   Results  => 
       ((Type   => Slack,
         Value  => 0.00%),
        (Type                          => Timing_Result,
         Event_Name                    => o6,
         Num_Of_Suspensions            => 0,
         Worst_Blocking_Time           => 0.000,
         Worst_Global_Response_Times   => 
            ((Referenced_Event => taper2,
              Time_Value       => 10.000)),
         Best_Global_Response_Times    => 
            ((Referenced_Event => taper2,
              Time_Value       => 0.000)),
         Jitters                       => 
            ((Referenced_Event => taper2,
              Time_Value       => 10.000)))));

Processing_Resource (
   Name     => cpu_1,
   Results  => 
       ((Type   => Slack,
         Value  => 0.390184%),
        (Type   => Utilization,
         Total  => 75.00%)));

