Real_Time_Situation (
   Generation_Tool    => "MAST Schedulability Analysis, version 1.6.0.1",
   Generation_Profile => "mast_analysis default -s /nfs/home/camsi5/TpduM2/ordonnancement/sdl_simple.txt /nfs/home/camsi5/TpduM2/ordonnancement/sdl_simple.out",
   Generation_Date    => 2026-01-07T10:07:15,
   Results            => 
       ((Type   => Slack,
         Value  => 22.27%)));

Transaction (
   Name     => transaction1,
   Results  => 
       ((Type   => Slack,
         Value  => 28.13%),
        (Type                          => Timing_Result,
         Event_Name                    => o1_m1,
         Num_Of_Suspensions            => 0,
         Worst_Blocking_Time           => 0.000,
         Worst_Global_Response_Times   => 
            ((Referenced_Event => newpiece_m1,
              Time_Value       => 3.000)),
         Best_Global_Response_Times    => 
            ((Referenced_Event => newpiece_m1,
              Time_Value       => 0.000)),
         Jitters                       => 
            ((Referenced_Event => newpiece_m1,
              Time_Value       => 3.000))),
        (Type                          => Timing_Result,
         Event_Name                    => o2_m1,
         Num_Of_Suspensions            => 0,
         Worst_Blocking_Time           => 0.000,
         Worst_Global_Response_Times   => 
            ((Referenced_Event => newpiece_m1,
              Time_Value       => 8.000)),
         Best_Global_Response_Times    => 
            ((Referenced_Event => newpiece_m1,
              Time_Value       => 0.000)),
         Jitters                       => 
            ((Referenced_Event => newpiece_m1,
              Time_Value       => 8.000))),
        (Type                          => Timing_Result,
         Event_Name                    => o4_m1,
         Num_Of_Suspensions            => 0,
         Worst_Blocking_Time           => 0.000,
         Worst_Global_Response_Times   => 
            ((Referenced_Event => newpiece_m1,
              Time_Value       => 20.000)),
         Best_Global_Response_Times    => 
            ((Referenced_Event => newpiece_m1,
              Time_Value       => 0.000)),
         Jitters                       => 
            ((Referenced_Event => newpiece_m1,
              Time_Value       => 20.000))),
        (Type                          => Timing_Result,
         Event_Name                    => o5_m1,
         Num_Of_Suspensions            => 0,
         Worst_Blocking_Time           => 0.000,
         Worst_Global_Response_Times   => 
            ((Referenced_Event => newpiece_m1,
              Time_Value       => 24.500)),
         Best_Global_Response_Times    => 
            ((Referenced_Event => newpiece_m1,
              Time_Value       => 0.000)),
         Jitters                       => 
            ((Referenced_Event => newpiece_m1,
              Time_Value       => 24.500)))));

Transaction (
   Name     => transaction2,
   Results  => 
       ((Type   => Slack,
         Value  => 28.13%),
        (Type                          => Timing_Result,
         Event_Name                    => o1_m2,
         Num_Of_Suspensions            => 0,
         Worst_Blocking_Time           => 0.000,
         Worst_Global_Response_Times   => 
            ((Referenced_Event => newpiece_m2,
              Time_Value       => 3.000)),
         Best_Global_Response_Times    => 
            ((Referenced_Event => newpiece_m2,
              Time_Value       => 0.000)),
         Jitters                       => 
            ((Referenced_Event => newpiece_m2,
              Time_Value       => 3.000))),
        (Type                          => Timing_Result,
         Event_Name                    => o2_m2,
         Num_Of_Suspensions            => 0,
         Worst_Blocking_Time           => 0.000,
         Worst_Global_Response_Times   => 
            ((Referenced_Event => newpiece_m2,
              Time_Value       => 8.000)),
         Best_Global_Response_Times    => 
            ((Referenced_Event => newpiece_m2,
              Time_Value       => 0.000)),
         Jitters                       => 
            ((Referenced_Event => newpiece_m2,
              Time_Value       => 8.000))),
        (Type                          => Timing_Result,
         Event_Name                    => o4_m2,
         Num_Of_Suspensions            => 0,
         Worst_Blocking_Time           => 0.000,
         Worst_Global_Response_Times   => 
            ((Referenced_Event => newpiece_m2,
              Time_Value       => 20.000)),
         Best_Global_Response_Times    => 
            ((Referenced_Event => newpiece_m2,
              Time_Value       => 0.000)),
         Jitters                       => 
            ((Referenced_Event => newpiece_m2,
              Time_Value       => 20.000))),
        (Type                          => Timing_Result,
         Event_Name                    => o5_m2,
         Num_Of_Suspensions            => 0,
         Worst_Blocking_Time           => 0.000,
         Worst_Global_Response_Times   => 
            ((Referenced_Event => newpiece_m2,
              Time_Value       => 24.500)),
         Best_Global_Response_Times    => 
            ((Referenced_Event => newpiece_m2,
              Time_Value       => 0.000)),
         Jitters                       => 
            ((Referenced_Event => newpiece_m2,
              Time_Value       => 24.500)))));

Transaction (
   Name     => transaction3,
   Results  => 
       ((Type   => Slack,
         Value  => 28.13%),
        (Type                          => Timing_Result,
         Event_Name                    => o1_m3,
         Num_Of_Suspensions            => 0,
         Worst_Blocking_Time           => 0.000,
         Worst_Global_Response_Times   => 
            ((Referenced_Event => newpiece_m3,
              Time_Value       => 3.000)),
         Best_Global_Response_Times    => 
            ((Referenced_Event => newpiece_m3,
              Time_Value       => 0.000)),
         Jitters                       => 
            ((Referenced_Event => newpiece_m3,
              Time_Value       => 3.000))),
        (Type                          => Timing_Result,
         Event_Name                    => o2_m3,
         Num_Of_Suspensions            => 0,
         Worst_Blocking_Time           => 0.000,
         Worst_Global_Response_Times   => 
            ((Referenced_Event => newpiece_m3,
              Time_Value       => 8.000)),
         Best_Global_Response_Times    => 
            ((Referenced_Event => newpiece_m3,
              Time_Value       => 0.000)),
         Jitters                       => 
            ((Referenced_Event => newpiece_m3,
              Time_Value       => 8.000))),
        (Type                          => Timing_Result,
         Event_Name                    => o4_m3,
         Num_Of_Suspensions            => 0,
         Worst_Blocking_Time           => 0.000,
         Worst_Global_Response_Times   => 
            ((Referenced_Event => newpiece_m3,
              Time_Value       => 20.000)),
         Best_Global_Response_Times    => 
            ((Referenced_Event => newpiece_m3,
              Time_Value       => 0.000)),
         Jitters                       => 
            ((Referenced_Event => newpiece_m3,
              Time_Value       => 20.000))),
        (Type                          => Timing_Result,
         Event_Name                    => o5_m3,
         Num_Of_Suspensions            => 0,
         Worst_Blocking_Time           => 0.000,
         Worst_Global_Response_Times   => 
            ((Referenced_Event => newpiece_m3,
              Time_Value       => 24.500)),
         Best_Global_Response_Times    => 
            ((Referenced_Event => newpiece_m3,
              Time_Value       => 0.000)),
         Jitters                       => 
            ((Referenced_Event => newpiece_m3,
              Time_Value       => 24.500)))));

Processing_Resource (
   Name     => cpu_1,
   Results  => 
       ((Type   => Slack,
         Value  => 22.94%),
        (Type   => Utilization,
         Total  => 33.75%)));

