Real_Time_Situation (
   Generation_Tool    => "MAST Schedulability Analysis, version 1.6.0.1",
   Generation_Profile => "mast_analysis edf_monoprocessor -s /home/antoine31/tp_m2/TpduM2/ordonnancement/exo3_T1_EDF.txt /home/antoine31/tp_m2/TpduM2/ordonnancement/exo3_T1_EDF.out",
   Generation_Date    => 2026-01-02T21:40:51,
   Results            => 
       ((Type   => Slack,
         Value  => 38.67%)));

Transaction (
   Name     => transaction1,
   Results  => 
       ((Type   => Slack,
         Value  => 153.52%),
        (Type                          => Timing_Result,
         Event_Name                    => o1,
         Num_Of_Suspensions            => 0,
         Worst_Blocking_Time           => 0.000,
         Worst_Global_Response_Times   => 
            ((Referenced_Event => t1,
              Time_Value       => 2.000)),
         Best_Global_Response_Times    => 
            ((Referenced_Event => t1,
              Time_Value       => 0.000)),
         Jitters                       => 
            ((Referenced_Event => t1,
              Time_Value       => 2.000)))));

Transaction (
   Name     => transaction2,
   Results  => 
       ((Type   => Slack,
         Value  => 130.08%),
        (Type                          => Timing_Result,
         Event_Name                    => o2,
         Num_Of_Suspensions            => 0,
         Worst_Blocking_Time           => 0.000,
         Worst_Global_Response_Times   => 
            ((Referenced_Event => t2,
              Time_Value       => 5.000)),
         Best_Global_Response_Times    => 
            ((Referenced_Event => t2,
              Time_Value       => 0.000)),
         Jitters                       => 
            ((Referenced_Event => t2,
              Time_Value       => 5.000)))));

Transaction (
   Name     => transaction3,
   Results  => 
       ((Type   => Slack,
         Value  => 125.39%),
        (Type                          => Timing_Result,
         Event_Name                    => o3,
         Num_Of_Suspensions            => 0,
         Worst_Blocking_Time           => 0.000,
         Worst_Global_Response_Times   => 
            ((Referenced_Event => t3,
              Time_Value       => 9.000)),
         Best_Global_Response_Times    => 
            ((Referenced_Event => t3,
              Time_Value       => 0.000)),
         Jitters                       => 
            ((Referenced_Event => t3,
              Time_Value       => 9.000)))));

Transaction (
   Name     => transaction4,
   Results  => 
       ((Type   => Slack,
         Value  => 278.91%),
        (Type                          => Timing_Result,
         Event_Name                    => o4,
         Num_Of_Suspensions            => 0,
         Worst_Blocking_Time           => 0.000,
         Worst_Global_Response_Times   => 
            ((Referenced_Event => t4,
              Time_Value       => 11.000)),
         Best_Global_Response_Times    => 
            ((Referenced_Event => t4,
              Time_Value       => 0.000)),
         Jitters                       => 
            ((Referenced_Event => t4,
              Time_Value       => 11.000)))));

Processing_Resource (
   Name     => cpu,
   Results  => 
       ((Type   => Slack,
         Value  => 39.61%),
        (Type   => Utilization,
         Total  => 71.83%)));

