Real_Time_Situation (
   Generation_Tool    => "MAST Schedulability Analysis, version 1.6.0.1",
   Generation_Profile => "mast_analysis offset_based -c -s /home/antoine31/tp_m2/TpduM2/ordonnancement/exo4_Pcp.txt /home/antoine31/tp_m2/TpduM2/ordonnancement/exo4_Pcp.out",
   Generation_Date    => 2026-01-03T00:21:07,
   Results            => 
       ((Type   => Slack,
         Value  => -100.00%)));

Transaction (
   Name     => transaction1,
   Results  => 
       ((Type   => Slack,
         Value  => -100.00%),
        (Type                          => Timing_Result,
         Event_Name                    => o1,
         Num_Of_Suspensions            => 0,
         Worst_Blocking_Time           => 0.000,
         Worst_Global_Response_Times   => 
            ((Referenced_Event => t1,
              Time_Value       => 1.000E+100)),
         Best_Global_Response_Times    => 
            ((Referenced_Event => t1,
              Time_Value       => 1.000E+100)),
         Jitters                       => 
            ((Referenced_Event => t1,
              Time_Value       => 1.000E+100)))));

Transaction (
   Name     => transaction2,
   Results  => 
       ((Type   => Slack,
         Value  => -100.00%),
        (Type                          => Timing_Result,
         Event_Name                    => o2,
         Num_Of_Suspensions            => 0,
         Worst_Blocking_Time           => 0.000,
         Worst_Global_Response_Times   => 
            ((Referenced_Event => t2,
              Time_Value       => 1.000E+100)),
         Best_Global_Response_Times    => 
            ((Referenced_Event => t2,
              Time_Value       => 1.000E+100)),
         Jitters                       => 
            ((Referenced_Event => t2,
              Time_Value       => 1.000E+100)))));

Transaction (
   Name     => transaction3,
   Results  => 
       ((Type   => Slack,
         Value  => -100.00%),
        (Type                          => Timing_Result,
         Event_Name                    => o3,
         Num_Of_Suspensions            => 0,
         Worst_Blocking_Time           => 0.000,
         Worst_Global_Response_Times   => 
            ((Referenced_Event => t3,
              Time_Value       => 1.000E+100)),
         Best_Global_Response_Times    => 
            ((Referenced_Event => t3,
              Time_Value       => 1.000E+100)),
         Jitters                       => 
            ((Referenced_Event => t3,
              Time_Value       => 1.000E+100)))));

Transaction (
   Name     => transaction4,
   Results  => 
       ((Type   => Slack,
         Value  => -100.00%),
        (Type                          => Timing_Result,
         Event_Name                    => o4,
         Num_Of_Suspensions            => 0,
         Worst_Blocking_Time           => 0.000,
         Worst_Global_Response_Times   => 
            ((Referenced_Event => t4,
              Time_Value       => 1.000E+100)),
         Best_Global_Response_Times    => 
            ((Referenced_Event => t4,
              Time_Value       => 1.000E+100)),
         Jitters                       => 
            ((Referenced_Event => t4,
              Time_Value       => 1.000E+100)))));

Processing_Resource (
   Name     => cpu_1,
   Results  => 
       ((Type   => Slack,
         Value  => -98.44%),
        (Type   => Utilization,
         Total  => 1.934E+27%)));

