Real_Time_Situation (
   Generation_Tool    => "MAST Schedulability Analysis, version 1.6.0.1",
   Generation_Profile => "mast_analysis classic_rm -s /home/antoine31/tp_m2/TpduM2/ordonnancement/exo3_T1_RM.txt /home/antoine31/tp_m2/TpduM2/ordonnancement/exo3_T1_RM.out",
   Generation_Date    => 2026-01-02T20:53:22,
   Results            => 
       ((Type   => Slack,
         Value  => 81.25%)));

Transaction (
   Name     => transaction1,
   Results  => 
       ((Type   => Slack,
         Value  => 447.27%),
        (Type                          => Timing_Result,
         Event_Name                    => o1,
         Num_Of_Suspensions            => 0,
         Worst_Blocking_Time           => 0.000,
         Worst_Global_Response_Times   => 
            ((Referenced_Event => t1,
              Time_Value       => 2.000)),
         Best_Global_Response_Times    => 
            ((Referenced_Event => t1,
              Time_Value       => 0.000)),
         Jitters                       => 
            ((Referenced_Event => t1,
              Time_Value       => 2.000)))));

Transaction (
   Name     => transaction2,
   Results  => 
       ((Type   => Slack,
         Value  => 298.05%),
        (Type                          => Timing_Result,
         Event_Name                    => o2,
         Num_Of_Suspensions            => 0,
         Worst_Blocking_Time           => 0.000,
         Worst_Global_Response_Times   => 
            ((Referenced_Event => t2,
              Time_Value       => 5.000)),
         Best_Global_Response_Times    => 
            ((Referenced_Event => t2,
              Time_Value       => 0.000)),
         Jitters                       => 
            ((Referenced_Event => t2,
              Time_Value       => 5.000)))));

Transaction (
   Name     => transaction3,
   Results  => 
       ((Type   => Slack,
         Value  => 223.44%),
        (Type                          => Timing_Result,
         Event_Name                    => o3,
         Num_Of_Suspensions            => 0,
         Worst_Blocking_Time           => 0.000,
         Worst_Global_Response_Times   => 
            ((Referenced_Event => t3,
              Time_Value       => 9.000)),
         Best_Global_Response_Times    => 
            ((Referenced_Event => t3,
              Time_Value       => 0.000)),
         Jitters                       => 
            ((Referenced_Event => t3,
              Time_Value       => 9.000)))));

Transaction (
   Name     => transaction4,
   Results  => 
       ((Type   => Slack,
         Value  => 447.27%),
        (Type                          => Timing_Result,
         Event_Name                    => o4,
         Num_Of_Suspensions            => 0,
         Worst_Blocking_Time           => 0.000,
         Worst_Global_Response_Times   => 
            ((Referenced_Event => t4,
              Time_Value       => 11.000)),
         Best_Global_Response_Times    => 
            ((Referenced_Event => t4,
              Time_Value       => 0.000)),
         Jitters                       => 
            ((Referenced_Event => t4,
              Time_Value       => 11.000)))));

Processing_Resource (
   Name     => cpu_1,
   Results  => 
       ((Type   => Slack,
         Value  => 82.10%),
        (Type   => Utilization,
         Total  => 55.00%)));

